mode: atomic
github.com/byuoitav/mute-service/state/manager.go:19.49,22.16 3 0
github.com/byuoitav/mute-service/state/manager.go:27.2,29.16 3 0
github.com/byuoitav/mute-service/state/manager.go:34.2,38.42 4 0
github.com/byuoitav/mute-service/state/manager.go:46.2,47.118 2 0
github.com/byuoitav/mute-service/state/manager.go:52.2,52.12 1 0
github.com/byuoitav/mute-service/state/manager.go:22.16,25.3 2 0
github.com/byuoitav/mute-service/state/manager.go:29.16,32.3 2 0
github.com/byuoitav/mute-service/state/manager.go:38.42,39.22 1 0
github.com/byuoitav/mute-service/state/manager.go:39.22,41.4 1 0
github.com/byuoitav/mute-service/state/manager.go:41.9,41.29 1 0
github.com/byuoitav/mute-service/state/manager.go:41.29,43.4 1 0
github.com/byuoitav/mute-service/state/manager.go:47.118,50.3 2 0
github.com/byuoitav/mute-service/state/manager.go:55.56,57.38 2 2
github.com/byuoitav/mute-service/state/manager.go:68.2,68.20 1 2
github.com/byuoitav/mute-service/state/manager.go:57.38,58.47 1 7
github.com/byuoitav/mute-service/state/manager.go:58.47,59.34 1 25
github.com/byuoitav/mute-service/state/manager.go:59.34,60.46 1 7
github.com/byuoitav/mute-service/state/manager.go:60.46,62.6 1 5
github.com/byuoitav/mute-service/state/manager.go:62.11,64.6 1 2
github.com/byuoitav/mute-service/state/manager.go:71.100,74.41 2 2
github.com/byuoitav/mute-service/state/manager.go:82.2,82.25 1 2
github.com/byuoitav/mute-service/state/manager.go:94.2,96.36 2 2
github.com/byuoitav/mute-service/state/manager.go:74.41,75.33 1 1
github.com/byuoitav/mute-service/state/manager.go:75.33,76.38 1 3
github.com/byuoitav/mute-service/state/manager.go:76.38,78.5 1 1
github.com/byuoitav/mute-service/state/manager.go:82.25,85.33 3 1
github.com/byuoitav/mute-service/state/manager.go:85.33,87.44 2 3
github.com/byuoitav/mute-service/state/manager.go:87.44,90.5 2 2
github.com/byuoitav/mute-service/state/manager.go:96.36,97.60 1 6
github.com/byuoitav/mute-service/state/manager.go:97.60,99.4 1 2
github.com/byuoitav/mute-service/state/manager.go:99.9,99.50 1 4
github.com/byuoitav/mute-service/state/manager.go:99.50,101.4 1 4
github.com/byuoitav/mute-service/state/manager.go:105.58,107.16 2 6
github.com/byuoitav/mute-service/state/manager.go:111.2,112.16 2 6
github.com/byuoitav/mute-service/state/manager.go:115.2,115.27 1 5
github.com/byuoitav/mute-service/state/manager.go:107.16,109.3 1 0
github.com/byuoitav/mute-service/state/manager.go:112.16,114.3 1 1
github.com/byuoitav/mute-service/state/manager.go:118.53,120.21 2 2
github.com/byuoitav/mute-service/state/manager.go:123.2,123.34 1 1
github.com/byuoitav/mute-service/state/manager.go:120.21,122.3 1 1
github.com/byuoitav/mute-service/state/state.go:34.68,37.16 3 0
github.com/byuoitav/mute-service/state/state.go:41.2,45.16 4 0
github.com/byuoitav/mute-service/state/state.go:50.2,53.56 3 0
github.com/byuoitav/mute-service/state/state.go:58.2,58.35 1 0
github.com/byuoitav/mute-service/state/state.go:63.2,63.24 1 0
github.com/byuoitav/mute-service/state/state.go:37.16,40.3 2 0
github.com/byuoitav/mute-service/state/state.go:45.16,48.3 2 0
github.com/byuoitav/mute-service/state/state.go:53.56,56.3 2 0
github.com/byuoitav/mute-service/state/state.go:58.35,61.3 2 0
github.com/byuoitav/mute-service/state/state.go:66.71,71.16 4 0
github.com/byuoitav/mute-service/state/state.go:75.2,78.38 3 0
github.com/byuoitav/mute-service/state/state.go:83.2,84.12 2 0
github.com/byuoitav/mute-service/state/state.go:71.16,74.3 2 0
github.com/byuoitav/mute-service/state/state.go:78.38,81.3 2 0
